Sat Nov 17 09:44:20 BRST 2012: LOG INITIALIZED
Sat Nov 17 09:44:20 BRST 2012: Iniciando experimento 1.3:
Sat Nov 17 09:44:20 BRST 2012: Obtendo as entradas do sistema a partir de conf.ini.
Sat Nov 17 09:44:21 BRST 2012: Entradas obtidas.
Sat Nov 17 09:44:21 BRST 2012: Lendo entradas:
Sat Nov 17 09:44:21 BRST 2012: - Conjunto de amostras: med201211_1000imgs_100kp_100sift
Sat Nov 17 09:44:21 BRST 2012: - Caminho da pasta de imagens: \IRMA\2009\ImageCLEFmed2009_train.02
Sat Nov 17 09:44:21 BRST 2012: - Arquivo com a relação imagem/IRMA: \IRMA\2009\ImageCLEFmed2009_train_codes.02.csv
Sat Nov 17 09:44:21 BRST 2012: - Arquivo estrutura código irma: 1345115140_export_eng.txt
Sat Nov 17 09:44:21 BRST 2012: - Quantidade de imagens que serão utilizadas: 1000
Sat Nov 17 09:44:21 BRST 2012: - Limite de pontos-chave obtidos: 100
Sat Nov 17 09:44:21 BRST 2012: - Tamanho do histograma SIFT: 100
Sat Nov 17 09:44:21 BRST 2012: Obtendo conjunto de amostras:
Sat Nov 17 09:44:21 BRST 2012: - O conjunto de amostras ainda não existe em: D:\Repositórios\experiments01\med201211_1000imgs_100kp_100sift.arff
Sat Nov 17 09:44:21 BRST 2012: Obtendo novo conjunto de amostras: 
Sat Nov 17 09:44:21 BRST 2012: - Conjunto auxiliar encontrado: D:\Repositórios\experiments01\med201211_1000imgs_100kp_100sift-aux.arff
Sat Nov 17 09:44:21 BRST 2012: Construindo conjunto de amostras com características de histograma SIFT:
Sat Nov 17 09:44:21 BRST 2012:  - Obtendo a relação nome da imagem/código IRMA do arquivo: \IRMA\2009\ImageCLEFmed2009_train_codes.02.csv
Sat Nov 17 09:44:23 BRST 2012: - Criando arquivo xml com a estrutura de códigos IRMA
Sat Nov 17 09:44:23 BRST 2012: - Arquivo xml com a estrutura de código IRMA criado com êxito
Sat Nov 17 09:44:23 BRST 2012: - Criando objeto que converte o código IRMA para binário e que necessita do xml criado anteriormente
Sat Nov 17 09:44:23 BRST 2012: - Instanciando amostras do conjunto auxiliar
Sat Nov 17 09:44:51 BRST 2012: - Agrupando amostras
Sat Nov 17 23:16:16 BRST 2012: Construindo histograma SIFT:
Sat Nov 17 23:16:16 BRST 2012: - Obtendo lista de rótulos do conjunto auxiliar
Sat Nov 17 23:16:18 BRST 2012: - Calculando valor dos bins do histograma SIFT
Sat Nov 17 23:16:18 BRST 2012: Criando conjunto de amostras com as características de histograma SIFT:
Sat Nov 17 23:16:18 BRST 2012: - Definindo os atributos do conjunto
Sat Nov 17 23:16:18 BRST 2012: - Salvando a lista de atributos e incluindo os rótulos a partir do xml informado no construtor
Sat Nov 17 23:16:18 BRST 2012: - Armazenando no conjunto as amostras com as características de histograma SIFT
Sat Nov 17 23:17:02 BRST 2012: - Salvando o novo conjunto de amostras em: med201211_1000imgs_100kp_100sift.arff
Sat Nov 17 23:17:12 BRST 2012: Avaliando classificadores: 
Sat Nov 17 23:17:12 BRST 2012: - Instanciando classificadores multirrótulo
Sat Nov 17 23:17:12 BRST 2012: - Instanciando MLkNN
Sat Nov 17 23:17:12 BRST 2012: - Instanciando BRkNN
Sat Nov 17 23:17:12 BRST 2012: - Instanciando avaliador
Sat Nov 17 23:17:12 BRST 2012: - Instanciando registradores dos resultados
Sat Nov 17 23:17:12 BRST 2012: - Avaliando classificador class mulan.classifier.lazy.MLkNN
