Fri Nov 16 13:49:16 BRST 2012: LOG INITIALIZED
Fri Nov 16 13:49:16 BRST 2012: Iniciando experimento 1.3:
Fri Nov 16 13:49:16 BRST 2012: Obtendo as entradas do sistema a partir de conf.ini.
Fri Nov 16 13:49:16 BRST 2012: Entradas obtidas.
Fri Nov 16 13:49:16 BRST 2012: Lendo entradas:
Fri Nov 16 13:49:16 BRST 2012: - Conjunto de amostras: med201211_100imgs_kp_sift
Fri Nov 16 13:49:16 BRST 2012: - Caminho da pasta de imagens: \IRMA\2009\ImageCLEFmed2009_train.02
Fri Nov 16 13:49:16 BRST 2012: - Arquivo com a relação imagem/IRMA: \IRMA\2009\ImageCLEFmed2009_train_codes.02.csv
Fri Nov 16 13:49:16 BRST 2012: - Arquivo estrutura código irma: 1345115140_export_eng.txt
Fri Nov 16 13:49:16 BRST 2012: - Quantidade de imagens que serão utilizadas: 100
Fri Nov 16 13:49:16 BRST 2012: - Limite de pontos-chave obtidos: 100
Fri Nov 16 13:49:16 BRST 2012: - Tamanho do histograma SIFT: 100
Fri Nov 16 13:49:16 BRST 2012: Obtendo conjunto de amostras:
Fri Nov 16 13:49:16 BRST 2012: - O conjunto de amostras ainda não existe em: D:\Repositórios\experiments01\med201211_100imgs_kp_sift.arff
Fri Nov 16 13:49:16 BRST 2012: Obtendo novo conjunto de amostras: 
Fri Nov 16 13:49:16 BRST 2012: - O conjunto auxiliar não foi encontrado em: D:\Repositórios\experiments01\med201211_100imgs_kp_sift-aux.arff
Fri Nov 16 13:49:16 BRST 2012: Criando novo conjunto auxiliar:
Fri Nov 16 13:49:16 BRST 2012: - Pasta de imagens encontrada: D:\IRMA\2009\ImageCLEFmed2009_train.02
Fri Nov 16 13:49:16 BRST 2012: - Obtendo imagens da pasta ImageCLEFmed2009_train.02
Fri Nov 16 13:49:17 BRST 2012: Criando conjunto auxiliar:
Fri Nov 16 13:49:17 BRST 2012: - Definindo lista de atributos
Fri Nov 16 13:49:17 BRST 2012: - Criando um conjunto de instancias que armazenará as imagens
Fri Nov 16 13:49:17 BRST 2012: - Criando ArffSaver para armazenar o conjunto auxiliar em arquivo
Fri Nov 16 13:49:18 BRST 2012: - Obtendo os pontos-chave das imagens
Fri Nov 16 13:54:10 BRST 2012: Preparando lista de rótulos do conjunto auxiliar:
Fri Nov 16 13:54:10 BRST 2012:  - Obtendo a relação nome da imagem/código IRMA do arquivo: \IRMA\2009\ImageCLEFmed2009_train_codes.02.csv
Fri Nov 16 13:54:11 BRST 2012: - Criando arquivo xml com a estrutura de códigos IRMA
Fri Nov 16 13:54:11 BRST 2012: - Arquivo xml com a estrutura de código IRMA criado com êxito
Fri Nov 16 13:54:11 BRST 2012: - Criando objeto que converte o código IRMA para binário e que necessita do xml criado anteriormente
Fri Nov 16 13:54:11 BRST 2012: - Armazenado lista de rótulos em: med201211_100imgs_kp_sift-aux.labels
Fri Nov 16 14:02:37 BRST 2012: Construindo conjunto de amostras com características de histograma SIFT:
Fri Nov 16 14:02:37 BRST 2012: - Instanciando amostras do conjunto auxiliar
Fri Nov 16 14:02:40 BRST 2012: - Agrupando amostras
Fri Nov 16 14:26:04 BRST 2012: Construindo histograma SIFT:
Fri Nov 16 14:26:04 BRST 2012: - Obtendo lista de rótulos do conjunto auxiliar
Fri Nov 16 14:26:20 BRST 2012: - Calculando valor dos bins do histograma SIFT
Fri Nov 16 14:26:22 BRST 2012: Criando conjunto de amostras com as características de histograma SIFT:
Fri Nov 16 14:26:22 BRST 2012: - Definindo os atributos do conjunto
Fri Nov 16 14:26:22 BRST 2012: - Salvando a lista de atributos e incluindo os rótulos a partir do xml informado no construtor
Fri Nov 16 14:26:22 BRST 2012: - Armazenando no conjunto as amostras com as características de histograma SIFT
Fri Nov 16 14:26:22 BRST 2012: - Salvando o novo conjunto de amostras em: med201211_100imgs_kp_sift.arff
Fri Nov 16 14:26:28 BRST 2012: Avaliando classificadores: 
Fri Nov 16 14:26:28 BRST 2012: - Instanciando classificadores multirrótulo
Fri Nov 16 14:26:28 BRST 2012: - Instanciando MLkNN
Fri Nov 16 14:26:28 BRST 2012: - Instanciando BRkNN
Fri Nov 16 14:26:28 BRST 2012: - Instanciando avaliador
Fri Nov 16 14:26:28 BRST 2012: - Instanciando registradores dos resultados
Fri Nov 16 14:26:28 BRST 2012: - Avaliando classificador class mulan.classifier.lazy.MLkNN
Fri Nov 16 14:27:03 BRST 2012: - Avaliando classificador class mulan.classifier.lazy.BRkNN
Fri Nov 16 14:27:28 BRST 2012: Fim do experimento
Fri Nov 16 14:27:28 BRST 2012: LOG FINALIZED

